============================= test session starts =============================
platform win32 -- Python 3.13.5, pytest-9.1.1, pluggy-1.6.0 -- C:\Users\dnaga\AppData\Local\Programs\Python\Python313\python.exe
cachedir: .pytest_cache
rootdir: E:\simulationproject
plugins: anyio-4.14.2
collecting ... collected 6 items

tests/test_api.py::test_health PASSED                                    [ 16%]
tests/test_api.py::test_stats PASSED                                     [ 33%]
tests/test_api.py::test_predict_basic PASSED                             [ 50%]
tests/test_api.py::test_predict_with_speed PASSED                        [ 66%]
tests/test_api.py::test_predict_batch PASSED                             [ 83%]
tests/test_api.py::test_predict_one_direct PASSED                        [100%]

============================== warnings summary ===============================
C:\Users\dnaga\AppData\Local\Programs\Python\Python313\Lib\site-packages\fastapi\testclient.py:1
  C:\Users\dnaga\AppData\Local\Programs\Python\Python313\Lib\site-packages\fastapi\testclient.py:1: StarletteDeprecationWarning: Using `httpx` with `starlette.testclient` is deprecated; install `httpx2` instead.
    from starlette.testclient import TestClient as TestClient  # noqa

-- Docs: https://docs.pytest.org/en/stable/how-to/capture-warnings.html
======================== 6 passed, 1 warning in 21.05s ========================
